[2020-10-09 14:28:22.130] [exthost] [info] extension host started
[2020-10-09 14:28:22.238] [exthost] [info] ExtensionService#_doActivateExtension vscode.microsoft-authentication {"startup":false,"extensionId":{"value":"vscode.microsoft-authentication","_lower":"vscode.microsoft-authentication"},"activationEvent":"onAuthenticationRequest:microsoft"}
[2020-10-09 14:28:22.239] [exthost] [info] ExtensionService#loadCommonJSModule file:///snap/code/47/usr/share/code/resources/app/extensions/microsoft-authentication/dist/extension.js
[2020-10-09 14:28:22.262] [exthost] [info] ExtensionService#_doActivateExtension ms-vscode.js-debug {"startup":false,"extensionId":{"value":"ms-vscode.js-debug","_lower":"ms-vscode.js-debug"},"activationEvent":"onDebugDynamicConfigurations"}
[2020-10-09 14:28:22.262] [exthost] [info] ExtensionService#loadCommonJSModule file:///snap/code/47/usr/share/code/resources/app/extensions/ms-vscode.js-debug/src/extension.js
[2020-10-09 14:28:22.558] [exthost] [info] ExtensionService#_doActivateExtension vscode.debug-auto-launch {"startup":true,"extensionId":{"value":"vscode.debug-auto-launch","_lower":"vscode.debug-auto-launch"},"activationEvent":"*"}
[2020-10-09 14:28:22.558] [exthost] [info] ExtensionService#loadCommonJSModule file:///snap/code/47/usr/share/code/resources/app/extensions/debug-auto-launch/dist/extension
[2020-10-09 14:28:22.565] [exthost] [info] ExtensionService#_doActivateExtension vscode.emmet {"startup":true,"extensionId":{"value":"vscode.emmet","_lower":"vscode.emmet"},"activationEvent":"*"}
[2020-10-09 14:28:22.565] [exthost] [info] ExtensionService#loadCommonJSModule file:///snap/code/47/usr/share/code/resources/app/extensions/emmet/dist/node/emmetNodeMain
[2020-10-09 14:28:22.587] [exthost] [info] ExtensionService#_doActivateExtension vscode.git {"startup":true,"extensionId":{"value":"vscode.github","_lower":"vscode.github"},"activationEvent":"*"}
[2020-10-09 14:28:22.587] [exthost] [info] ExtensionService#loadCommonJSModule file:///snap/code/47/usr/share/code/resources/app/extensions/git/dist/main
[2020-10-09 14:28:22.642] [exthost] [info] ExtensionService#_doActivateExtension vscode.merge-conflict {"startup":true,"extensionId":{"value":"vscode.merge-conflict","_lower":"vscode.merge-conflict"},"activationEvent":"*"}
[2020-10-09 14:28:22.642] [exthost] [info] ExtensionService#loadCommonJSModule file:///snap/code/47/usr/share/code/resources/app/extensions/merge-conflict/dist/mergeConflictMain
[2020-10-09 14:28:22.646] [exthost] [info] ExtensionService#_doActivateExtension vscode.search-result {"startup":true,"extensionId":{"value":"vscode.search-result","_lower":"vscode.search-result"},"activationEvent":"*"}
[2020-10-09 14:28:22.646] [exthost] [info] ExtensionService#loadCommonJSModule file:///snap/code/47/usr/share/code/resources/app/extensions/search-result/dist/extension.js
[2020-10-09 14:28:22.772] [exthost] [info] ExtensionService#_doActivateExtension vscode.github {"startup":true,"extensionId":{"value":"vscode.github","_lower":"vscode.github"},"activationEvent":"*"}
[2020-10-09 14:28:22.772] [exthost] [info] ExtensionService#loadCommonJSModule file:///snap/code/47/usr/share/code/resources/app/extensions/github/dist/extension.js
[2020-10-09 14:28:22.796] [exthost] [info] eager extensions activated
[2020-10-09 14:28:22.801] [exthost] [info] ExtensionService#_doActivateExtension vscode.github-authentication {"startup":false,"extensionId":{"value":"vscode.github-authentication","_lower":"vscode.github-authentication"},"activationEvent":"onAuthenticationRequest:github"}
[2020-10-09 14:28:22.801] [exthost] [info] ExtensionService#loadCommonJSModule file:///snap/code/47/usr/share/code/resources/app/extensions/github-authentication/dist/extension.js
[2020-10-09 14:29:10.107] [exthost] [info] extension host started
[2020-10-09 14:29:10.141] [exthost] [info] ExtensionService#_doActivateExtension vscode.microsoft-authentication {"startup":false,"extensionId":{"value":"vscode.microsoft-authentication","_lower":"vscode.microsoft-authentication"},"activationEvent":"onAuthenticationRequest:microsoft"}
[2020-10-09 14:29:10.141] [exthost] [info] ExtensionService#loadCommonJSModule file:///snap/code/47/usr/share/code/resources/app/extensions/microsoft-authentication/dist/extension.js
[2020-10-09 14:29:10.150] [exthost] [info] ExtensionService#_doActivateExtension ms-vscode.js-debug {"startup":false,"extensionId":{"value":"ms-vscode.js-debug","_lower":"ms-vscode.js-debug"},"activationEvent":"onDebugDynamicConfigurations"}
[2020-10-09 14:29:10.150] [exthost] [info] ExtensionService#loadCommonJSModule file:///snap/code/47/usr/share/code/resources/app/extensions/ms-vscode.js-debug/src/extension.js
[2020-10-09 14:29:10.269] [exthost] [info] ExtensionService#_doActivateExtension vscode.debug-auto-launch {"startup":true,"extensionId":{"value":"vscode.debug-auto-launch","_lower":"vscode.debug-auto-launch"},"activationEvent":"*"}
[2020-10-09 14:29:10.269] [exthost] [info] ExtensionService#loadCommonJSModule file:///snap/code/47/usr/share/code/resources/app/extensions/debug-auto-launch/dist/extension
[2020-10-09 14:29:10.271] [exthost] [info] ExtensionService#_doActivateExtension vscode.emmet {"startup":true,"extensionId":{"value":"vscode.emmet","_lower":"vscode.emmet"},"activationEvent":"*"}
[2020-10-09 14:29:10.271] [exthost] [info] ExtensionService#loadCommonJSModule file:///snap/code/47/usr/share/code/resources/app/extensions/emmet/dist/node/emmetNodeMain
[2020-10-09 14:29:10.282] [exthost] [info] ExtensionService#_doActivateExtension vscode.git {"startup":true,"extensionId":{"value":"vscode.github","_lower":"vscode.github"},"activationEvent":"*"}
[2020-10-09 14:29:10.282] [exthost] [info] ExtensionService#loadCommonJSModule file:///snap/code/47/usr/share/code/resources/app/extensions/git/dist/main
[2020-10-09 14:29:10.296] [exthost] [info] ExtensionService#_doActivateExtension vscode.merge-conflict {"startup":true,"extensionId":{"value":"vscode.merge-conflict","_lower":"vscode.merge-conflict"},"activationEvent":"*"}
[2020-10-09 14:29:10.296] [exthost] [info] ExtensionService#loadCommonJSModule file:///snap/code/47/usr/share/code/resources/app/extensions/merge-conflict/dist/mergeConflictMain
[2020-10-09 14:29:10.298] [exthost] [info] ExtensionService#_doActivateExtension vscode.search-result {"startup":true,"extensionId":{"value":"vscode.search-result","_lower":"vscode.search-result"},"activationEvent":"*"}
[2020-10-09 14:29:10.298] [exthost] [info] ExtensionService#loadCommonJSModule file:///snap/code/47/usr/share/code/resources/app/extensions/search-result/dist/extension.js
[2020-10-09 14:29:10.299] [exthost] [info] ExtensionService#_doActivateExtension vscode.npm {"startup":true,"extensionId":{"value":"vscode.npm","_lower":"vscode.npm"},"activationEvent":"workspaceContains:package.json"}
[2020-10-09 14:29:10.299] [exthost] [info] ExtensionService#loadCommonJSModule file:///snap/code/47/usr/share/code/resources/app/extensions/npm/dist/npmMain
[2020-10-09 14:29:10.396] [exthost] [info] ExtensionService#_doActivateExtension vscode.github {"startup":true,"extensionId":{"value":"vscode.github","_lower":"vscode.github"},"activationEvent":"*"}
[2020-10-09 14:29:10.396] [exthost] [info] ExtensionService#loadCommonJSModule file:///snap/code/47/usr/share/code/resources/app/extensions/github/dist/extension.js
[2020-10-09 14:29:10.444] [exthost] [info] eager extensions activated
[2020-10-09 14:29:10.493] [exthost] [info] ExtensionService#_doActivateExtension vscode.github-authentication {"startup":false,"extensionId":{"value":"vscode.github-authentication","_lower":"vscode.github-authentication"},"activationEvent":"onAuthenticationRequest:github"}
[2020-10-09 14:29:10.493] [exthost] [info] ExtensionService#loadCommonJSModule file:///snap/code/47/usr/share/code/resources/app/extensions/github-authentication/dist/extension.js
[2020-10-09 14:29:47.916] [exthost] [info] ExtensionService#_doActivateExtension vscode.extension-editing {"startup":false,"extensionId":{"value":"vscode.extension-editing","_lower":"vscode.extension-editing"},"activationEvent":"onLanguage:typescript"}
[2020-10-09 14:29:47.916] [exthost] [info] ExtensionService#loadCommonJSModule file:///snap/code/47/usr/share/code/resources/app/extensions/extension-editing/dist/extensionEditingMain
[2020-10-09 14:29:47.941] [exthost] [info] ExtensionService#_doActivateExtension vscode.typescript-language-features {"startup":false,"extensionId":{"value":"vscode.typescript-language-features","_lower":"vscode.typescript-language-features"},"activationEvent":"onLanguage:typescript"}
[2020-10-09 14:29:47.942] [exthost] [info] ExtensionService#loadCommonJSModule file:///snap/code/47/usr/share/code/resources/app/extensions/typescript-language-features/dist/extension
[2020-10-09 14:29:56.176] [exthost] [info] ExtensionService#_doActivateExtension vscode.configuration-editing {"startup":false,"extensionId":{"value":"vscode.configuration-editing","_lower":"vscode.configuration-editing"},"activationEvent":"onLanguage:jsonc"}
[2020-10-09 14:29:56.176] [exthost] [info] ExtensionService#loadCommonJSModule file:///snap/code/47/usr/share/code/resources/app/extensions/configuration-editing/dist/configurationEditingMain
[2020-10-09 14:29:56.190] [exthost] [info] ExtensionService#_doActivateExtension vscode.json-language-features {"startup":false,"extensionId":{"value":"vscode.json-language-features","_lower":"vscode.json-language-features"},"activationEvent":"onLanguage:jsonc"}
[2020-10-09 14:29:56.190] [exthost] [info] ExtensionService#loadCommonJSModule file:///snap/code/47/usr/share/code/resources/app/extensions/json-language-features/client/dist/node/jsonClientMain
[2020-10-09 14:36:24.027] [exthost] [info] ExtensionService#_doActivateExtension vscode.css-language-features {"startup":false,"extensionId":{"value":"vscode.css-language-features","_lower":"vscode.css-language-features"},"activationEvent":"onLanguage:css"}
[2020-10-09 14:36:24.027] [exthost] [info] ExtensionService#loadCommonJSModule file:///snap/code/47/usr/share/code/resources/app/extensions/css-language-features/client/dist/node/cssClientMain
[2020-10-09 14:36:33.626] [exthost] [info] ExtensionService#_doActivateExtension vscode.html-language-features {"startup":false,"extensionId":{"value":"vscode.html-language-features","_lower":"vscode.html-language-features"},"activationEvent":"onLanguage:html"}
[2020-10-09 14:36:33.626] [exthost] [info] ExtensionService#loadCommonJSModule file:///snap/code/47/usr/share/code/resources/app/extensions/html-language-features/client/dist/node/htmlClientMain
