[debug] [2020-10-11T02:13:03.589Z] ----------------------------------------------------------------------
[debug] [2020-10-11T02:13:03.592Z] Command:       /usr/local/bin/node /usr/local/bin/firebase deploy
[debug] [2020-10-11T02:13:03.592Z] CLI Version:   8.12.1
[debug] [2020-10-11T02:13:03.592Z] Platform:      linux
[debug] [2020-10-11T02:13:03.592Z] Node Version:  v12.18.3
[debug] [2020-10-11T02:13:03.593Z] Time:          Sat Oct 10 2020 21:13:03 GMT-0500 (GMT-05:00)
[debug] [2020-10-11T02:13:03.593Z] ----------------------------------------------------------------------
[debug] [2020-10-11T02:13:03.593Z] 
[debug] [2020-10-11T02:13:03.602Z] > command requires scopes: ["email","openid","https://www.googleapis.com/auth/cloudplatformprojects.readonly","https://www.googleapis.com/auth/firebase","https://www.googleapis.com/auth/cloud-platform"]
[debug] [2020-10-11T02:13:03.603Z] > authorizing via signed-in user
[debug] [2020-10-11T02:13:03.603Z] [iam] checking project frontend-final-tads for permissions ["firebase.projects.get","firebasehosting.sites.update"]
[debug] [2020-10-11T02:13:03.606Z] >>> HTTP REQUEST POST https://cloudresourcemanager.googleapis.com/v1/projects/frontend-final-tads:testIamPermissions  
 {"permissions":["firebase.projects.get","firebasehosting.sites.update"]}
[debug] [2020-10-11T02:13:04.313Z] <<< HTTP RESPONSE 200 {"content-type":"application/json; charset=UTF-8","vary":"X-Origin, Referer, Origin,Accept-Encoding","date":"Sun, 11 Oct 2020 02:13:04 GMT","server":"ESF","cache-control":"private","x-xss-protection":"0","x-frame-options":"SAMEORIGIN","x-content-type-options":"nosniff","server-timing":"gfet4t7; dur=437","alt-svc":"h3-Q050=\":443\"; ma=2592000,h3-29=\":443\"; ma=2592000,h3-27=\":443\"; ma=2592000,h3-T051=\":443\"; ma=2592000,h3-T050=\":443\"; ma=2592000,h3-Q046=\":443\"; ma=2592000,h3-Q043=\":443\"; ma=2592000,quic=\":443\"; ma=2592000; v=\"46,43\"","accept-ranges":"none","transfer-encoding":"chunked"}
[debug] [2020-10-11T02:13:04.317Z] >>> HTTP REQUEST GET https://firebase.googleapis.com/v1beta1/projects/frontend-final-tads  
 
[debug] [2020-10-11T02:13:04.737Z] <<< HTTP RESPONSE 200 {"content-type":"application/json; charset=UTF-8","vary":"X-Origin, Referer, Origin,Accept-Encoding","date":"Sun, 11 Oct 2020 02:13:04 GMT","server":"ESF","cache-control":"private","x-xss-protection":"0","x-frame-options":"SAMEORIGIN","x-content-type-options":"nosniff","alt-svc":"h3-Q050=\":443\"; ma=2592000,h3-29=\":443\"; ma=2592000,h3-27=\":443\"; ma=2592000,h3-T051=\":443\"; ma=2592000,h3-T050=\":443\"; ma=2592000,h3-Q046=\":443\"; ma=2592000,h3-Q043=\":443\"; ma=2592000,quic=\":443\"; ma=2592000; v=\"46,43\"","accept-ranges":"none","transfer-encoding":"chunked"}
[info] 
[info] === Deploying to 'frontend-final-tads'...
[info] 
[info] i  deploying hosting 
[debug] [2020-10-11T02:13:04.745Z] >>> HTTP REQUEST POST https://firebasehosting.googleapis.com/v1beta1/sites/frontend-final-tads/versions  
 {"config":{},"labels":{"deployment-tool":"cli-firebase"}}
[debug] [2020-10-11T02:13:06.272Z] <<< HTTP RESPONSE 200 {"content-type":"application/json; charset=UTF-8","vary":"X-Origin, Referer, Origin,Accept-Encoding","date":"Sun, 11 Oct 2020 02:13:06 GMT","server":"ESF","cache-control":"private","x-xss-protection":"0","x-frame-options":"SAMEORIGIN","x-content-type-options":"nosniff","alt-svc":"h3-Q050=\":443\"; ma=2592000,h3-29=\":443\"; ma=2592000,h3-27=\":443\"; ma=2592000,h3-T051=\":443\"; ma=2592000,h3-T050=\":443\"; ma=2592000,h3-Q046=\":443\"; ma=2592000,h3-Q043=\":443\"; ma=2592000,quic=\":443\"; ma=2592000; v=\"46,43\"","accept-ranges":"none","transfer-encoding":"chunked"}
[info] i  hosting[frontend-final-tads]: beginning deploy... 
[info] i  hosting[frontend-final-tads]: found 12 files in dist/Proyecto-transportadora 
[debug] [2020-10-11T02:13:06.666Z] [hosting] hash cache [ZGlzdC9Qcm95ZWN0by10cmFuc3BvcnRhZG9yYQ] stored for 12 files
[debug] [2020-10-11T02:13:06.667Z] [hosting][hash queue][FINAL] {"max":352,"min":41,"avg":92.41666666666667,"active":0,"complete":12,"success":12,"errored":0,"retried":0,"total":12,"elapsed":374}
[debug] [2020-10-11T02:13:06.667Z] >>> HTTP REQUEST POST https://firebasehosting.googleapis.com/v1beta1/sites/frontend-final-tads/versions/6c21966766185f16:populateFiles  
 <request body omitted>
[debug] [2020-10-11T02:14:07.073Z] [populateQueue] Retrying task index 0
[debug] [2020-10-11T02:14:07.074Z] >>> HTTP REQUEST POST https://firebasehosting.googleapis.com/v1beta1/sites/frontend-final-tads/versions/6c21966766185f16:populateFiles  
 <request body omitted>
[debug] [2020-10-11T02:14:07.813Z] <<< HTTP RESPONSE 200 {"content-type":"application/json; charset=UTF-8","vary":"X-Origin, Referer, Origin,Accept-Encoding","date":"Sun, 11 Oct 2020 02:14:07 GMT","server":"ESF","cache-control":"private","x-xss-protection":"0","x-frame-options":"SAMEORIGIN","x-content-type-options":"nosniff","alt-svc":"h3-Q050=\":443\"; ma=2592000,h3-29=\":443\"; ma=2592000,h3-27=\":443\"; ma=2592000,h3-T051=\":443\"; ma=2592000,h3-T050=\":443\"; ma=2592000,h3-Q046=\":443\"; ma=2592000,h3-Q043=\":443\"; ma=2592000,quic=\":443\"; ma=2592000; v=\"46,43\"","accept-ranges":"none","transfer-encoding":"chunked"}
[debug] [2020-10-11T02:14:07.815Z] [hosting][populate queue][FINAL] {"max":741,"min":741,"avg":741,"active":0,"complete":1,"success":1,"errored":0,"retried":1,"total":1,"elapsed":61151}
[debug] [2020-10-11T02:14:07.816Z] [hosting] uploads queued: 0
[debug] [2020-10-11T02:14:07.817Z] [hosting][upload queue][FINAL] {"max":0,"min":9999999999,"avg":0,"active":0,"complete":0,"success":0,"errored":0,"retried":0,"total":0,"elapsed":1602382447817}
[info] ✔  hosting[frontend-final-tads]: file upload complete 
[debug] [2020-10-11T02:14:07.819Z] [hosting] deploy completed after 61543ms
[debug] [2020-10-11T02:14:08.106Z] [
  {
    "config": {
      "public": "dist/Proyecto-transportadora",
      "ignore": [
        "firebase.json",
        "**/.*",
        "**/node_modules/**"
      ],
      "site": "frontend-final-tads"
    },
    "site": "frontend-final-tads",
    "version": "sites/frontend-final-tads/versions/6c21966766185f16"
  }
]
[info] i  hosting[frontend-final-tads]: finalizing version... 
[debug] [2020-10-11T02:14:08.108Z] >>> HTTP REQUEST PATCH https://firebasehosting.googleapis.com/v1beta1/sites/frontend-final-tads/versions/6c21966766185f16?updateMask=status  
 {"status":"FINALIZED"}
[debug] [2020-10-11T02:14:08.914Z] <<< HTTP RESPONSE 200 {"content-type":"application/json; charset=UTF-8","vary":"X-Origin, Referer, Origin,Accept-Encoding","date":"Sun, 11 Oct 2020 02:14:08 GMT","server":"ESF","cache-control":"private","x-xss-protection":"0","x-frame-options":"SAMEORIGIN","x-content-type-options":"nosniff","alt-svc":"h3-Q050=\":443\"; ma=2592000,h3-29=\":443\"; ma=2592000,h3-27=\":443\"; ma=2592000,h3-T051=\":443\"; ma=2592000,h3-T050=\":443\"; ma=2592000,h3-Q046=\":443\"; ma=2592000,h3-Q043=\":443\"; ma=2592000,quic=\":443\"; ma=2592000; v=\"46,43\"","accept-ranges":"none","transfer-encoding":"chunked"}
[debug] [2020-10-11T02:14:08.915Z] [hosting] finalized version for frontend-final-tads: {"name":"sites/frontend-final-tads/versions/6c21966766185f16","status":"FINALIZED","config":{},"labels":{"deployment-tool":"cli-firebase"},"createTime":"2020-10-11T02:13:05.806104Z","createUser":{"email":"nel.rsf@gmail.com"},"finalizeTime":"2020-10-11T02:14:08.852817Z","finalizeUser":{"email":"nel.rsf@gmail.com"}}
[info] ✔  hosting[frontend-final-tads]: version finalized 
[info] i  hosting[frontend-final-tads]: releasing new version... 
[debug] [2020-10-11T02:14:08.916Z] >>> HTTP REQUEST POST https://firebasehosting.googleapis.com/v1beta1/sites/frontend-final-tads/releases?version_name=sites/frontend-final-tads/versions/6c21966766185f16  
 {"message":null}
[debug] [2020-10-11T02:14:09.603Z] <<< HTTP RESPONSE 200 {"content-type":"application/json; charset=UTF-8","vary":"X-Origin, Referer, Origin,Accept-Encoding","date":"Sun, 11 Oct 2020 02:14:09 GMT","server":"ESF","cache-control":"private","x-xss-protection":"0","x-frame-options":"SAMEORIGIN","x-content-type-options":"nosniff","alt-svc":"h3-Q050=\":443\"; ma=2592000,h3-29=\":443\"; ma=2592000,h3-27=\":443\"; ma=2592000,h3-T051=\":443\"; ma=2592000,h3-T050=\":443\"; ma=2592000,h3-Q046=\":443\"; ma=2592000,h3-Q043=\":443\"; ma=2592000,quic=\":443\"; ma=2592000; v=\"46,43\"","accept-ranges":"none","transfer-encoding":"chunked"}
[debug] [2020-10-11T02:14:09.604Z] [hosting] release: {"name":"sites/frontend-final-tads/releases/1602382448882471","version":{"name":"sites/frontend-final-tads/versions/6c21966766185f16","status":"FINALIZED","config":{},"labels":{"deployment-tool":"cli-firebase"},"createTime":"2020-10-11T02:13:05.806104Z","createUser":{"email":"nel.rsf@gmail.com"},"finalizeTime":"2020-10-11T02:14:08.852817Z","finalizeUser":{"email":"nel.rsf@gmail.com"},"preview":{}},"type":"DEPLOY","releaseTime":"2020-10-11T02:14:08.882471437Z","releaseUser":{"email":"nel.rsf@gmail.com"}}
[info] ✔  hosting[frontend-final-tads]: release complete 
[info] 
[info] ✔  Deploy complete! 
[info] 
[info] Project Console: https://console.firebase.google.com/project/frontend-final-tads/overview
[info] Hosting URL: https://frontend-final-tads.web.app
