Looking for git in: git
Using git 2.25.1 from git
> git rev-parse --git-dir
Open repository: /home/nelson/Documents/Sitios Web/Proyecto final/Proyecto-transportadora
> git status -z -u
> git symbolic-ref --short HEAD
> git rev-parse master
> git rev-parse --symbolic-full-name master@{u}
fatal: no se ha configurado upstream para la rama 'master'
> git for-each-ref --sort -committerdate --format %(refname) %(objectname)
> git remote --verbose
> git config --get commit.template
> git check-ignore -v -z --stdin
> git check-ignore -v -z --stdin
> git show --textconv :src/index.html
> git ls-files --stage -- /home/nelson/Documents/Sitios Web/Proyecto final/Proyecto-transportadora/src/index.html
> git cat-file -s 3878313435d28c4818edd390729b86d21d79cf8b
> git status -z -u
> git symbolic-ref --short HEAD
> git rev-parse master
> git rev-parse --symbolic-full-name master@{u}
fatal: no se ha configurado upstream para la rama 'master'
> git for-each-ref --sort -committerdate --format %(refname) %(objectname)
> git remote --verbose
> git config --get commit.template
> git status -z -u
> git symbolic-ref --short HEAD
> git rev-parse master
> git rev-parse --symbolic-full-name master@{u}
fatal: no se ha configurado upstream para la rama 'master'
> git for-each-ref --sort -committerdate --format %(refname) %(objectname)
> git remote --verbose
> git config --get commit.template
> git status -z -u
> git symbolic-ref --short HEAD
> git rev-parse master
> git rev-parse --symbolic-full-name master@{u}
fatal: no se ha configurado upstream para la rama 'master'
> git for-each-ref --sort -committerdate --format %(refname) %(objectname)
> git remote --verbose
> git config --get commit.template
> git check-ignore -v -z --stdin
> git status -z -u
> git check-ignore -v -z --stdin
> git symbolic-ref --short HEAD
> git rev-parse master
> git rev-parse --symbolic-full-name master@{u}
fatal: no se ha configurado upstream para la rama 'master'
> git for-each-ref --sort -committerdate --format %(refname) %(objectname)
> git remote --verbose
> git config --get commit.template
> git check-ignore -v -z --stdin
> git show --textconv :src/app/usuario/usuario.component.spec.ts
> git ls-files --stage -- /home/nelson/Documents/Sitios Web/Proyecto final/Proyecto-transportadora/src/app/usuario/usuario.component.spec.ts
> git show --textconv :src/app/usuario/usuario.component.html
> git ls-files --stage -- /home/nelson/Documents/Sitios Web/Proyecto final/Proyecto-transportadora/src/app/usuario/usuario.component.html
