Looking for git in: git
Using git 2.25.1 from git
> git rev-parse --git-dir
Open repository: /home/nelson/Documents/Sitios Web/Proyecto final/Proyecto-transportadora
> git status -z -u
> git symbolic-ref --short HEAD
> git rev-parse master
> git rev-parse --symbolic-full-name master@{u}
fatal: no se ha configurado upstream para la rama 'master'
> git for-each-ref --sort -committerdate --format %(refname) %(objectname)
> git remote --verbose
> git config --get commit.template
> git show --textconv :src/app/models/users.ts
> git ls-files --stage -- /home/nelson/Documents/Sitios Web/Proyecto final/Proyecto-transportadora/src/app/models/users.ts
> git check-ignore -v -z --stdin
> git status -z -u
> git symbolic-ref --short HEAD
> git rev-parse master
> git rev-parse --symbolic-full-name master@{u}
fatal: no se ha configurado upstream para la rama 'master'
> git for-each-ref --sort -committerdate --format %(refname) %(objectname)
> git remote --verbose
> git config --get commit.template
> git show --textconv :src/app/models/users.json.ts
> git ls-files --stage -- /home/nelson/Documents/Sitios Web/Proyecto final/Proyecto-transportadora/src/app/models/users.json.ts
> git check-ignore -v -z --stdin
> git status -z -u
> git symbolic-ref --short HEAD
> git rev-parse master
> git rev-parse --symbolic-full-name master@{u}
fatal: no se ha configurado upstream para la rama 'master'
> git for-each-ref --sort -committerdate --format %(refname) %(objectname)
> git remote --verbose
> git config --get commit.template
> git show --textconv :src/app/models/users.ts
> git ls-files --stage -- /home/nelson/Documents/Sitios Web/Proyecto final/Proyecto-transportadora/src/app/models/users.ts
> git show --textconv :src/app/models/users.json.ts
> git ls-files --stage -- /home/nelson/Documents/Sitios Web/Proyecto final/Proyecto-transportadora/src/app/models/users.json.ts
> git show --textconv :src/app/models/users.ts
> git ls-files --stage -- /home/nelson/Documents/Sitios Web/Proyecto final/Proyecto-transportadora/src/app/models/users.ts
> git show --textconv :src/app/models/users.json.ts
> git ls-files --stage -- /home/nelson/Documents/Sitios Web/Proyecto final/Proyecto-transportadora/src/app/models/users.json.ts
> git show --textconv :src/app/models/users.ts
> git ls-files --stage -- /home/nelson/Documents/Sitios Web/Proyecto final/Proyecto-transportadora/src/app/models/users.ts
> git show --textconv :src/app/models/users.json.ts
> git ls-files --stage -- /home/nelson/Documents/Sitios Web/Proyecto final/Proyecto-transportadora/src/app/models/users.json.ts
> git show --textconv :src/app/models/users.ts
> git ls-files --stage -- /home/nelson/Documents/Sitios Web/Proyecto final/Proyecto-transportadora/src/app/models/users.ts
> git show --textconv :src/app/models/users.json.ts
> git ls-files --stage -- /home/nelson/Documents/Sitios Web/Proyecto final/Proyecto-transportadora/src/app/models/users.json.ts
> git show --textconv :src/app/models/users.ts
> git ls-files --stage -- /home/nelson/Documents/Sitios Web/Proyecto final/Proyecto-transportadora/src/app/models/users.ts
> git show --textconv :src/app/models/users.json.ts
> git ls-files --stage -- /home/nelson/Documents/Sitios Web/Proyecto final/Proyecto-transportadora/src/app/models/users.json.ts
> git show --textconv :src/app/models/users.ts
> git ls-files --stage -- /home/nelson/Documents/Sitios Web/Proyecto final/Proyecto-transportadora/src/app/models/users.ts
> git status -z -u
> git symbolic-ref --short HEAD
> git rev-parse master
> git rev-parse --symbolic-full-name master@{u}
fatal: no se ha configurado upstream para la rama 'master'
> git for-each-ref --sort -committerdate --format %(refname) %(objectname)
> git remote --verbose
> git config --get commit.template
> git show --textconv :src/app/models/users.json.ts
> git ls-files --stage -- /home/nelson/Documents/Sitios Web/Proyecto final/Proyecto-transportadora/src/app/models/users.json.ts
> git status -z -u
> git symbolic-ref --short HEAD
> git rev-parse master
> git rev-parse --symbolic-full-name master@{u}
fatal: no se ha configurado upstream para la rama 'master'
> git for-each-ref --sort -committerdate --format %(refname) %(objectname)
> git remote --verbose
> git config --get commit.template
> git status -z -u
> git symbolic-ref --short HEAD
> git rev-parse master
> git rev-parse --symbolic-full-name master@{u}
fatal: no se ha configurado upstream para la rama 'master'
> git for-each-ref --sort -committerdate --format %(refname) %(objectname)
> git remote --verbose
> git config --get commit.template
> git show --textconv :src/app/models/users.ts
> git ls-files --stage -- /home/nelson/Documents/Sitios Web/Proyecto final/Proyecto-transportadora/src/app/models/users.ts
> git status -z -u
> git symbolic-ref --short HEAD
> git rev-parse master
> git rev-parse --symbolic-full-name master@{u}
fatal: no se ha configurado upstream para la rama 'master'
> git for-each-ref --sort -committerdate --format %(refname) %(objectname)
> git remote --verbose
> git config --get commit.template
> git show --textconv :src/app/models/User.ts
> git ls-files --stage -- /home/nelson/Documents/Sitios Web/Proyecto final/Proyecto-transportadora/src/app/models/User.ts
> git check-ignore -v -z --stdin
> git status -z -u
> git symbolic-ref --short HEAD
> git rev-parse master
> git rev-parse --symbolic-full-name master@{u}
fatal: no se ha configurado upstream para la rama 'master'
> git for-each-ref --sort -committerdate --format %(refname) %(objectname)
> git remote --verbose
> git config --get commit.template
> git show --textconv :src/app/models/users.json.ts
> git ls-files --stage -- /home/nelson/Documents/Sitios Web/Proyecto final/Proyecto-transportadora/src/app/models/users.json.ts
> git show --textconv :src/app/app.module.ts
> git ls-files --stage -- /home/nelson/Documents/Sitios Web/Proyecto final/Proyecto-transportadora/src/app/app.module.ts
> git cat-file -s 2c3ba2995c8510c02ca812f90280146738f162cf
> git show --textconv :src/app/models/users.json.ts
> git ls-files --stage -- /home/nelson/Documents/Sitios Web/Proyecto final/Proyecto-transportadora/src/app/models/users.json.ts
> git status -z -u
> git symbolic-ref --short HEAD
> git rev-parse master
> git rev-parse --symbolic-full-name master@{u}
fatal: no se ha configurado upstream para la rama 'master'
> git for-each-ref --sort -committerdate --format %(refname) %(objectname)
> git remote --verbose
> git config --get commit.template
> git show --textconv :src/app/models/User.ts
> git ls-files --stage -- /home/nelson/Documents/Sitios Web/Proyecto final/Proyecto-transportadora/src/app/models/User.ts
> git status -z -u
> git symbolic-ref --short HEAD
> git rev-parse master
> git rev-parse --symbolic-full-name master@{u}
fatal: no se ha configurado upstream para la rama 'master'
> git for-each-ref --sort -committerdate --format %(refname) %(objectname)
> git remote --verbose
> git config --get commit.template
> git show --textconv :src/app/models/users.json.ts
> git ls-files --stage -- /home/nelson/Documents/Sitios Web/Proyecto final/Proyecto-transportadora/src/app/models/users.json.ts
> git check-ignore -v -z --stdin
> git status -z -u
> git symbolic-ref --short HEAD
> git rev-parse master
> git rev-parse --symbolic-full-name master@{u}
fatal: no se ha configurado upstream para la rama 'master'
> git for-each-ref --sort -committerdate --format %(refname) %(objectname)
> git remote --verbose
> git config --get commit.template
> git status -z -u
> git symbolic-ref --short HEAD
> git rev-parse master
> git rev-parse --symbolic-full-name master@{u}
fatal: no se ha configurado upstream para la rama 'master'
> git for-each-ref --sort -committerdate --format %(refname) %(objectname)
> git remote --verbose
> git config --get commit.template
> git check-ignore -v -z --stdin
> git show --textconv :src/app/services/users-list.service.ts
> git ls-files --stage -- /home/nelson/Documents/Sitios Web/Proyecto final/Proyecto-transportadora/src/app/services/users-list.service.ts
> git show --textconv :src/app/services/users-list.service.spec.ts
> git ls-files --stage -- /home/nelson/Documents/Sitios Web/Proyecto final/Proyecto-transportadora/src/app/services/users-list.service.spec.ts
> git show --textconv :src/app/models/users.json.ts
> git ls-files --stage -- /home/nelson/Documents/Sitios Web/Proyecto final/Proyecto-transportadora/src/app/models/users.json.ts
> git status -z -u
> git symbolic-ref --short HEAD
> git rev-parse master
> git rev-parse --symbolic-full-name master@{u}
fatal: no se ha configurado upstream para la rama 'master'
> git for-each-ref --sort -committerdate --format %(refname) %(objectname)
> git remote --verbose
> git config --get commit.template
> git show --textconv :src/app/services/users-list.service.ts
> git ls-files --stage -- /home/nelson/Documents/Sitios Web/Proyecto final/Proyecto-transportadora/src/app/services/users-list.service.ts
> git show --textconv :src/app/models/users.json.ts
> git ls-files --stage -- /home/nelson/Documents/Sitios Web/Proyecto final/Proyecto-transportadora/src/app/models/users.json.ts
> git status -z -u
> git symbolic-ref --short HEAD
> git rev-parse master
> git rev-parse --symbolic-full-name master@{u}
fatal: no se ha configurado upstream para la rama 'master'
> git for-each-ref --sort -committerdate --format %(refname) %(objectname)
> git remote --verbose
> git config --get commit.template
> git show --textconv :src/app/app.component.ts
> git ls-files --stage -- /home/nelson/Documents/Sitios Web/Proyecto final/Proyecto-transportadora/src/app/app.component.ts
> git cat-file -s 7b8b3f9a240b5636a0d5a663dcd83bd7d58f6a8c
> git show --textconv :src/app/app.module.ts
> git ls-files --stage -- /home/nelson/Documents/Sitios Web/Proyecto final/Proyecto-transportadora/src/app/app.module.ts
> git cat-file -s 2c3ba2995c8510c02ca812f90280146738f162cf
> git status -z -u
> git symbolic-ref --short HEAD
> git rev-parse master
> git rev-parse --symbolic-full-name master@{u}
fatal: no se ha configurado upstream para la rama 'master'
> git for-each-ref --sort -committerdate --format %(refname) %(objectname)
> git remote --verbose
> git config --get commit.template
> git check-ignore -v -z --stdin
> git show --textconv :src/app/services/skip-tests=true.service.spec.ts
> git ls-files --stage -- /home/nelson/Documents/Sitios Web/Proyecto final/Proyecto-transportadora/src/app/services/skip-tests=true.service.spec.ts
> git show --textconv :src/app/app.module.ts
> git ls-files --stage -- /home/nelson/Documents/Sitios Web/Proyecto final/Proyecto-transportadora/src/app/app.module.ts
> git cat-file -s 2c3ba2995c8510c02ca812f90280146738f162cf
> git status -z -u
> git symbolic-ref --short HEAD
> git rev-parse master
> git rev-parse --symbolic-full-name master@{u}
fatal: no se ha configurado upstream para la rama 'master'
> git for-each-ref --sort -committerdate --format %(refname) %(objectname)
> git remote --verbose
> git config --get commit.template
> git status -z -u
> git symbolic-ref --short HEAD
> git rev-parse master
> git rev-parse --symbolic-full-name master@{u}
fatal: no se ha configurado upstream para la rama 'master'
> git for-each-ref --sort -committerdate --format %(refname) %(objectname)
> git remote --verbose
> git check-ignore -v -z --stdin
> git config --get commit.template
> git check-ignore -v -z --stdin
> git show --textconv :src/app/services/user-service.service.ts
> git ls-files --stage -- /home/nelson/Documents/Sitios Web/Proyecto final/Proyecto-transportadora/src/app/services/user-service.service.ts
> git show --textconv :src/app/services/user.service.ts
> git ls-files --stage -- /home/nelson/Documents/Sitios Web/Proyecto final/Proyecto-transportadora/src/app/services/user.service.ts
> git check-ignore -v -z --stdin
> git status -z -u
> git symbolic-ref --short HEAD
> git rev-parse master
> git rev-parse --symbolic-full-name master@{u}
fatal: no se ha configurado upstream para la rama 'master'
> git for-each-ref --sort -committerdate --format %(refname) %(objectname)
> git remote --verbose
> git config --get commit.template
> git status -z -u
> git symbolic-ref --short HEAD
> git rev-parse master
> git rev-parse --symbolic-full-name master@{u}
fatal: no se ha configurado upstream para la rama 'master'
> git for-each-ref --sort -committerdate --format %(refname) %(objectname)
> git remote --verbose
> git config --get commit.template
> git check-ignore -v -z --stdin
> git check-ignore -v -z --stdin
> git check-ignore -v -z --stdin
> git check-ignore -v -z --stdin
> git check-ignore -v -z --stdin
> git status -z -u
> git symbolic-ref --short HEAD
> git rev-parse master
> git rev-parse --symbolic-full-name master@{u}
fatal: no se ha configurado upstream para la rama 'master'
> git for-each-ref --sort -committerdate --format %(refname) %(objectname)
> git remote --verbose
> git config --get commit.template
> git status -z -u
> git symbolic-ref --short HEAD
> git rev-parse master
> git rev-parse --symbolic-full-name master@{u}
fatal: no se ha configurado upstream para la rama 'master'
> git for-each-ref --sort -committerdate --format %(refname) %(objectname)
> git remote --verbose
> git config --get commit.template
> git check-ignore -v -z --stdin
> git show --textconv :src/app/components/users-list/users-list.component.html
> git ls-files --stage -- /home/nelson/Documents/Sitios Web/Proyecto final/Proyecto-transportadora/src/app/components/users-list/users-list.component.html
> git show --textconv :src/app/views/usuario.component.html
> git ls-files --stage -- /home/nelson/Documents/Sitios Web/Proyecto final/Proyecto-transportadora/src/app/views/usuario.component.html
> git show --textconv :src/app/services/user.service.ts
> git ls-files --stage -- /home/nelson/Documents/Sitios Web/Proyecto final/Proyecto-transportadora/src/app/services/user.service.ts
> git status -z -u
> git symbolic-ref --short HEAD
> git rev-parse master
> git rev-parse --symbolic-full-name master@{u}
fatal: no se ha configurado upstream para la rama 'master'
> git for-each-ref --sort -committerdate --format %(refname) %(objectname)
> git remote --verbose
> git config --get commit.template
> git show --textconv :src/app/app.module.ts
> git ls-files --stage -- /home/nelson/Documents/Sitios Web/Proyecto final/Proyecto-transportadora/src/app/app.module.ts
> git cat-file -s 2c3ba2995c8510c02ca812f90280146738f162cf
> git show --textconv :src/app/components/users-list/users-list.component.css
> git ls-files --stage -- /home/nelson/Documents/Sitios Web/Proyecto final/Proyecto-transportadora/src/app/components/users-list/users-list.component.css
> git show --textconv :src/app/components/users-list/users-list.component.html
> git ls-files --stage -- /home/nelson/Documents/Sitios Web/Proyecto final/Proyecto-transportadora/src/app/components/users-list/users-list.component.html
> git status -z -u
> git symbolic-ref --short HEAD
> git rev-parse master
> git rev-parse --symbolic-full-name master@{u}
fatal: no se ha configurado upstream para la rama 'master'
> git for-each-ref --sort -committerdate --format %(refname) %(objectname)
> git remote --verbose
> git config --get commit.template
> git show --textconv :src/app/views/users-list.component.html
> git ls-files --stage -- /home/nelson/Documents/Sitios Web/Proyecto final/Proyecto-transportadora/src/app/views/users-list.component.html
> git check-ignore -v -z --stdin
> git status -z -u
> git symbolic-ref --short HEAD
> git rev-parse master
> git rev-parse --symbolic-full-name master@{u}
fatal: no se ha configurado upstream para la rama 'master'
> git for-each-ref --sort -committerdate --format %(refname) %(objectname)
> git remote --verbose
> git config --get commit.template
> git show --textconv :src/app/components/users-list/users-list.component.ts
> git ls-files --stage -- /home/nelson/Documents/Sitios Web/Proyecto final/Proyecto-transportadora/src/app/components/users-list/users-list.component.ts
> git status -z -u
> git symbolic-ref --short HEAD
> git rev-parse master
> git rev-parse --symbolic-full-name master@{u}
fatal: no se ha configurado upstream para la rama 'master'
> git for-each-ref --sort -committerdate --format %(refname) %(objectname)
> git remote --verbose
> git config --get commit.template
> git show --textconv :src/app/components/users-list/users-list.component.css
> git ls-files --stage -- /home/nelson/Documents/Sitios Web/Proyecto final/Proyecto-transportadora/src/app/components/users-list/users-list.component.css
> git show --textconv :src/app/components/users-list.component.css
> git ls-files --stage -- /home/nelson/Documents/Sitios Web/Proyecto final/Proyecto-transportadora/src/app/components/users-list.component.css
> git check-ignore -v -z --stdin
> git status -z -u
> git symbolic-ref --short HEAD
> git rev-parse master
> git rev-parse --symbolic-full-name master@{u}
fatal: no se ha configurado upstream para la rama 'master'
> git for-each-ref --sort -committerdate --format %(refname) %(objectname)
> git remote --verbose
> git config --get commit.template
> git status -z -u
> git symbolic-ref --short HEAD
> git rev-parse master
> git rev-parse --symbolic-full-name master@{u}
fatal: no se ha configurado upstream para la rama 'master'
> git for-each-ref --sort -committerdate --format %(refname) %(objectname)
> git remote --verbose
> git config --get commit.template
> git show --textconv :src/app/app.module.ts
> git ls-files --stage -- /home/nelson/Documents/Sitios Web/Proyecto final/Proyecto-transportadora/src/app/app.module.ts
> git cat-file -s 2c3ba2995c8510c02ca812f90280146738f162cf
> git status -z -u
> git symbolic-ref --short HEAD
> git rev-parse master
> git rev-parse --symbolic-full-name master@{u}
fatal: no se ha configurado upstream para la rama 'master'
> git for-each-ref --sort -committerdate --format %(refname) %(objectname)
> git remote --verbose
> git config --get commit.template
> git show --textconv :src/app/components/users-list.component.css
> git ls-files --stage -- /home/nelson/Documents/Sitios Web/Proyecto final/Proyecto-transportadora/src/app/components/users-list.component.css
> git show --textconv :src/app/components/users-list.component.ts
> git ls-files --stage -- /home/nelson/Documents/Sitios Web/Proyecto final/Proyecto-transportadora/src/app/components/users-list.component.ts
> git check-ignore -v -z --stdin
> git status -z -u
> git symbolic-ref --short HEAD
> git rev-parse master
> git rev-parse --symbolic-full-name master@{u}
fatal: no se ha configurado upstream para la rama 'master'
> git for-each-ref --sort -committerdate --format %(refname) %(objectname)
> git remote --verbose
> git config --get commit.template
> git status -z -u
> git symbolic-ref --short HEAD
> git rev-parse master
> git rev-parse --symbolic-full-name master@{u}
fatal: no se ha configurado upstream para la rama 'master'
> git for-each-ref --sort -committerdate --format %(refname) %(objectname)
> git remote --verbose
> git config --get commit.template
> git show --textconv :src/app/views/users-list.component.css
> git ls-files --stage -- /home/nelson/Documents/Sitios Web/Proyecto final/Proyecto-transportadora/src/app/views/users-list.component.css
> git show --textconv :src/app/components/users-list.component.ts
> git ls-files --stage -- /home/nelson/Documents/Sitios Web/Proyecto final/Proyecto-transportadora/src/app/components/users-list.component.ts
> git show --textconv :src/app/services/user.service.ts
> git ls-files --stage -- /home/nelson/Documents/Sitios Web/Proyecto final/Proyecto-transportadora/src/app/services/user.service.ts
> git show --textconv :src/app/components/users-list.component.ts
> git ls-files --stage -- /home/nelson/Documents/Sitios Web/Proyecto final/Proyecto-transportadora/src/app/components/users-list.component.ts
> git show --textconv :src/app/models/User.ts
> git ls-files --stage -- /home/nelson/Documents/Sitios Web/Proyecto final/Proyecto-transportadora/src/app/models/User.ts
> git show --textconv :src/app/components/users-list.component.ts
> git ls-files --stage -- /home/nelson/Documents/Sitios Web/Proyecto final/Proyecto-transportadora/src/app/components/users-list.component.ts
> git show --textconv :src/app/app.component.html
> git ls-files --stage -- /home/nelson/Documents/Sitios Web/Proyecto final/Proyecto-transportadora/src/app/app.component.html
> git cat-file -s e48d8c109d668d9b5c5f25e0c2831bbe48d3cc1d
> git check-ignore -v -z --stdin
> git show --textconv :src/app/header/header.component.html
> git ls-files --stage -- /home/nelson/Documents/Sitios Web/Proyecto final/Proyecto-transportadora/src/app/header/header.component.html
> git status -z -u
> git symbolic-ref --short HEAD
> git rev-parse master
> git rev-parse --symbolic-full-name master@{u}
fatal: no se ha configurado upstream para la rama 'master'
> git for-each-ref --sort -committerdate --format %(refname) %(objectname)
> git remote --verbose
> git config --get commit.template
> git show --textconv :src/app/components/users-list.component.ts
> git ls-files --stage -- /home/nelson/Documents/Sitios Web/Proyecto final/Proyecto-transportadora/src/app/components/users-list.component.ts
> git show --textconv :src/app/header/header.component.html
> git ls-files --stage -- /home/nelson/Documents/Sitios Web/Proyecto final/Proyecto-transportadora/src/app/header/header.component.html
> git status -z -u
> git show --textconv :src/app/components/users-list.component.ts
> git ls-files --stage -- /home/nelson/Documents/Sitios Web/Proyecto final/Proyecto-transportadora/src/app/components/users-list.component.ts
> git symbolic-ref --short HEAD
> git rev-parse master
> git rev-parse --symbolic-full-name master@{u}
fatal: no se ha configurado upstream para la rama 'master'
> git for-each-ref --sort -committerdate --format %(refname) %(objectname)
> git remote --verbose
> git config --get commit.template
> git show --textconv :src/app/header/header.component.html
> git ls-files --stage -- /home/nelson/Documents/Sitios Web/Proyecto final/Proyecto-transportadora/src/app/header/header.component.html
> git status -z -u
> git symbolic-ref --short HEAD
> git rev-parse master
> git rev-parse --symbolic-full-name master@{u}
fatal: no se ha configurado upstream para la rama 'master'
> git for-each-ref --sort -committerdate --format %(refname) %(objectname)
> git remote --verbose
> git config --get commit.template
> git status -z -u
> git symbolic-ref --short HEAD
> git rev-parse master
> git rev-parse --symbolic-full-name master@{u}
fatal: no se ha configurado upstream para la rama 'master'
> git for-each-ref --sort -committerdate --format %(refname) %(objectname)
> git remote --verbose
> git config --get commit.template
> git status -z -u
> git symbolic-ref --short HEAD
> git rev-parse master
> git rev-parse --symbolic-full-name master@{u}
fatal: no se ha configurado upstream para la rama 'master'
> git for-each-ref --sort -committerdate --format %(refname) %(objectname)
> git remote --verbose
> git config --get commit.template
> git show --textconv :src/app/app.module.ts
> git ls-files --stage -- /home/nelson/Documents/Sitios Web/Proyecto final/Proyecto-transportadora/src/app/app.module.ts
> git cat-file -s 2c3ba2995c8510c02ca812f90280146738f162cf
> git show --textconv :src/app/app-routing.module.ts
> git ls-files --stage -- /home/nelson/Documents/Sitios Web/Proyecto final/Proyecto-transportadora/src/app/app-routing.module.ts
> git cat-file -s d425c6f56b578db1e8d7f8fa2d6c90693ba5d4fb
> git show --textconv :src/app/app.module.ts
> git ls-files --stage -- /home/nelson/Documents/Sitios Web/Proyecto final/Proyecto-transportadora/src/app/app.module.ts
> git cat-file -s 2c3ba2995c8510c02ca812f90280146738f162cf
> git show --textconv :src/app/app-routing.module.ts
> git ls-files --stage -- /home/nelson/Documents/Sitios Web/Proyecto final/Proyecto-transportadora/src/app/app-routing.module.ts
> git cat-file -s d425c6f56b578db1e8d7f8fa2d6c90693ba5d4fb
> git status -z -u
> git symbolic-ref --short HEAD
> git rev-parse master
> git rev-parse --symbolic-full-name master@{u}
fatal: no se ha configurado upstream para la rama 'master'
> git for-each-ref --sort -committerdate --format %(refname) %(objectname)
> git remote --verbose
> git config --get commit.template
> git show --textconv :src/app/views/users-list.component.html
> git ls-files --stage -- /home/nelson/Documents/Sitios Web/Proyecto final/Proyecto-transportadora/src/app/views/users-list.component.html
> git show --textconv :src/app/header/header.component.html
> git ls-files --stage -- /home/nelson/Documents/Sitios Web/Proyecto final/Proyecto-transportadora/src/app/header/header.component.html
> git status -z -u
> git symbolic-ref --short HEAD
> git rev-parse master
> git rev-parse --symbolic-full-name master@{u}
fatal: no se ha configurado upstream para la rama 'master'
> git for-each-ref --sort -committerdate --format %(refname) %(objectname)
> git remote --verbose
> git config --get commit.template
> git show --textconv :src/app/components/users-list.component.ts
> git ls-files --stage -- /home/nelson/Documents/Sitios Web/Proyecto final/Proyecto-transportadora/src/app/components/users-list.component.ts
> git show --textconv :src/app/views/users-list.component.html
> git ls-files --stage -- /home/nelson/Documents/Sitios Web/Proyecto final/Proyecto-transportadora/src/app/views/users-list.component.html
> git show --textconv :src/app/app.module.ts
> git ls-files --stage -- /home/nelson/Documents/Sitios Web/Proyecto final/Proyecto-transportadora/src/app/app.module.ts
> git cat-file -s 2c3ba2995c8510c02ca812f90280146738f162cf
> git show --textconv :src/app/views/users-list.component.html
> git ls-files --stage -- /home/nelson/Documents/Sitios Web/Proyecto final/Proyecto-transportadora/src/app/views/users-list.component.html
> git show --textconv :src/app/components/users-list.component.ts
> git ls-files --stage -- /home/nelson/Documents/Sitios Web/Proyecto final/Proyecto-transportadora/src/app/components/users-list.component.ts
> git show --textconv :src/app/header/header.component.html
> git ls-files --stage -- /home/nelson/Documents/Sitios Web/Proyecto final/Proyecto-transportadora/src/app/header/header.component.html
> git show --textconv :src/app/components/users-list.component.ts
> git ls-files --stage -- /home/nelson/Documents/Sitios Web/Proyecto final/Proyecto-transportadora/src/app/components/users-list.component.ts
> git show --textconv :src/app/views/users-list.component.html
> git ls-files --stage -- /home/nelson/Documents/Sitios Web/Proyecto final/Proyecto-transportadora/src/app/views/users-list.component.html
> git show --textconv :src/app/models/users.json.ts
> git ls-files --stage -- /home/nelson/Documents/Sitios Web/Proyecto final/Proyecto-transportadora/src/app/models/users.json.ts
> git show --textconv :src/app/views/users-list.component.html
> git ls-files --stage -- /home/nelson/Documents/Sitios Web/Proyecto final/Proyecto-transportadora/src/app/views/users-list.component.html
> git status -z -u
> git symbolic-ref --short HEAD
> git rev-parse master
> git rev-parse --symbolic-full-name master@{u}
fatal: no se ha configurado upstream para la rama 'master'
> git for-each-ref --sort -committerdate --format %(refname) %(objectname)
> git remote --verbose
> git config --get commit.template
> git status -z -u
> git symbolic-ref --short HEAD
> git rev-parse master
> git rev-parse --symbolic-full-name master@{u}
fatal: no se ha configurado upstream para la rama 'master'
> git for-each-ref --sort -committerdate --format %(refname) %(objectname)
> git remote --verbose
> git config --get commit.template
> git status -z -u
> git symbolic-ref --short HEAD
> git rev-parse master
> git rev-parse --symbolic-full-name master@{u}
fatal: no se ha configurado upstream para la rama 'master'
> git for-each-ref --sort -committerdate --format %(refname) %(objectname)
> git remote --verbose
> git config --get commit.template
> git show --textconv :src/app/components/users-list.component.ts
> git ls-files --stage -- /home/nelson/Documents/Sitios Web/Proyecto final/Proyecto-transportadora/src/app/components/users-list.component.ts
> git status -z -u
> git symbolic-ref --short HEAD
> git rev-parse master
> git rev-parse --symbolic-full-name master@{u}
fatal: no se ha configurado upstream para la rama 'master'
> git for-each-ref --sort -committerdate --format %(refname) %(objectname)
> git remote --verbose
> git config --get commit.template
> git status -z -u
> git symbolic-ref --short HEAD
> git rev-parse master
> git rev-parse --symbolic-full-name master@{u}
fatal: no se ha configurado upstream para la rama 'master'
> git for-each-ref --sort -committerdate --format %(refname) %(objectname)
> git remote --verbose
> git config --get commit.template
> git status -z -u
> git symbolic-ref --short HEAD
> git rev-parse master
> git rev-parse --symbolic-full-name master@{u}
fatal: no se ha configurado upstream para la rama 'master'
> git for-each-ref --sort -committerdate --format %(refname) %(objectname)
> git remote --verbose
> git config --get commit.template
> git show --textconv :src/app/views/users-list.component.html
> git ls-files --stage -- /home/nelson/Documents/Sitios Web/Proyecto final/Proyecto-transportadora/src/app/views/users-list.component.html
