[2020-10-10 07:07:52.513] [exthost] [info] extension host started
[2020-10-10 07:07:52.819] [exthost] [info] ExtensionService#_doActivateExtension vscode.microsoft-authentication {"startup":false,"extensionId":{"value":"vscode.microsoft-authentication","_lower":"vscode.microsoft-authentication"},"activationEvent":"onAuthenticationRequest:microsoft"}
[2020-10-10 07:07:52.820] [exthost] [info] ExtensionService#loadCommonJSModule file:///snap/code/47/usr/share/code/resources/app/extensions/microsoft-authentication/dist/extension.js
[2020-10-10 07:07:52.887] [exthost] [info] ExtensionService#_doActivateExtension vscode.extension-editing {"startup":false,"extensionId":{"value":"vscode.extension-editing","_lower":"vscode.extension-editing"},"activationEvent":"onLanguage:typescript"}
[2020-10-10 07:07:52.887] [exthost] [info] ExtensionService#loadCommonJSModule file:///snap/code/47/usr/share/code/resources/app/extensions/extension-editing/dist/extensionEditingMain
[2020-10-10 07:07:52.925] [exthost] [info] ExtensionService#_doActivateExtension vscode.typescript-language-features {"startup":false,"extensionId":{"value":"vscode.typescript-language-features","_lower":"vscode.typescript-language-features"},"activationEvent":"onLanguage:typescript"}
[2020-10-10 07:07:52.926] [exthost] [info] ExtensionService#loadCommonJSModule file:///snap/code/47/usr/share/code/resources/app/extensions/typescript-language-features/dist/extension
[2020-10-10 07:07:52.978] [exthost] [info] ExtensionService#_doActivateExtension ms-vscode.js-debug {"startup":false,"extensionId":{"value":"ms-vscode.js-debug","_lower":"ms-vscode.js-debug"},"activationEvent":"onDebugDynamicConfigurations"}
[2020-10-10 07:07:52.978] [exthost] [info] ExtensionService#loadCommonJSModule file:///snap/code/47/usr/share/code/resources/app/extensions/ms-vscode.js-debug/src/extension.js
[2020-10-10 07:07:53.279] [exthost] [info] ExtensionService#_doActivateExtension vscode.debug-auto-launch {"startup":true,"extensionId":{"value":"vscode.debug-auto-launch","_lower":"vscode.debug-auto-launch"},"activationEvent":"*"}
[2020-10-10 07:07:53.279] [exthost] [info] ExtensionService#loadCommonJSModule file:///snap/code/47/usr/share/code/resources/app/extensions/debug-auto-launch/dist/extension
[2020-10-10 07:07:53.368] [exthost] [info] ExtensionService#_doActivateExtension vscode.emmet {"startup":true,"extensionId":{"value":"vscode.emmet","_lower":"vscode.emmet"},"activationEvent":"*"}
[2020-10-10 07:07:53.368] [exthost] [info] ExtensionService#loadCommonJSModule file:///snap/code/47/usr/share/code/resources/app/extensions/emmet/dist/node/emmetNodeMain
[2020-10-10 07:07:53.448] [exthost] [info] ExtensionService#_doActivateExtension vscode.git {"startup":true,"extensionId":{"value":"vscode.github","_lower":"vscode.github"},"activationEvent":"*"}
[2020-10-10 07:07:53.448] [exthost] [info] ExtensionService#loadCommonJSModule file:///snap/code/47/usr/share/code/resources/app/extensions/git/dist/main
[2020-10-10 07:07:53.523] [exthost] [info] ExtensionService#_doActivateExtension vscode.merge-conflict {"startup":true,"extensionId":{"value":"vscode.merge-conflict","_lower":"vscode.merge-conflict"},"activationEvent":"*"}
[2020-10-10 07:07:53.523] [exthost] [info] ExtensionService#loadCommonJSModule file:///snap/code/47/usr/share/code/resources/app/extensions/merge-conflict/dist/mergeConflictMain
[2020-10-10 07:07:53.527] [exthost] [info] ExtensionService#_doActivateExtension vscode.search-result {"startup":true,"extensionId":{"value":"vscode.search-result","_lower":"vscode.search-result"},"activationEvent":"*"}
[2020-10-10 07:07:53.527] [exthost] [info] ExtensionService#loadCommonJSModule file:///snap/code/47/usr/share/code/resources/app/extensions/search-result/dist/extension.js
[2020-10-10 07:07:53.536] [exthost] [info] ExtensionService#_doActivateExtension vscode.npm {"startup":true,"extensionId":{"value":"vscode.npm","_lower":"vscode.npm"},"activationEvent":"workspaceContains:package.json"}
[2020-10-10 07:07:53.536] [exthost] [info] ExtensionService#loadCommonJSModule file:///snap/code/47/usr/share/code/resources/app/extensions/npm/dist/npmMain
[2020-10-10 07:07:54.130] [exthost] [info] ExtensionService#_doActivateExtension vscode.github {"startup":true,"extensionId":{"value":"vscode.github","_lower":"vscode.github"},"activationEvent":"*"}
[2020-10-10 07:07:54.130] [exthost] [info] ExtensionService#loadCommonJSModule file:///snap/code/47/usr/share/code/resources/app/extensions/github/dist/extension.js
[2020-10-10 07:07:54.439] [exthost] [info] eager extensions activated
[2020-10-10 07:07:54.541] [exthost] [info] ExtensionService#_doActivateExtension vscode.github-authentication {"startup":false,"extensionId":{"value":"vscode.github-authentication","_lower":"vscode.github-authentication"},"activationEvent":"onAuthenticationRequest:github"}
[2020-10-10 07:07:54.541] [exthost] [info] ExtensionService#loadCommonJSModule file:///snap/code/47/usr/share/code/resources/app/extensions/github-authentication/dist/extension.js
[2020-10-10 07:09:47.939] [exthost] [info] ExtensionService#_doActivateExtension vscode.configuration-editing {"startup":false,"extensionId":{"value":"vscode.configuration-editing","_lower":"vscode.configuration-editing"},"activationEvent":"onLanguage:jsonc"}
[2020-10-10 07:09:47.939] [exthost] [info] ExtensionService#loadCommonJSModule file:///snap/code/47/usr/share/code/resources/app/extensions/configuration-editing/dist/configurationEditingMain
[2020-10-10 07:09:48.080] [exthost] [info] ExtensionService#_doActivateExtension vscode.json-language-features {"startup":false,"extensionId":{"value":"vscode.json-language-features","_lower":"vscode.json-language-features"},"activationEvent":"onLanguage:jsonc"}
[2020-10-10 07:09:48.080] [exthost] [info] ExtensionService#loadCommonJSModule file:///snap/code/47/usr/share/code/resources/app/extensions/json-language-features/client/dist/node/jsonClientMain
[2020-10-10 07:31:55.404] [exthost] [info] ExtensionService#_doActivateExtension vscode.html-language-features {"startup":false,"extensionId":{"value":"vscode.html-language-features","_lower":"vscode.html-language-features"},"activationEvent":"onLanguage:html"}
[2020-10-10 07:31:55.405] [exthost] [info] ExtensionService#loadCommonJSModule file:///snap/code/47/usr/share/code/resources/app/extensions/html-language-features/client/dist/node/htmlClientMain
[2020-10-10 14:02:33.244] [exthost] [info] ExtensionService#_doActivateExtension vscode.css-language-features {"startup":false,"extensionId":{"value":"vscode.css-language-features","_lower":"vscode.css-language-features"},"activationEvent":"onLanguage:css"}
[2020-10-10 14:02:33.249] [exthost] [info] ExtensionService#loadCommonJSModule file:///snap/code/47/usr/share/code/resources/app/extensions/css-language-features/client/dist/node/cssClientMain
