[2020-10-10 21:09:51.557] [exthost] [info] extension host started
[2020-10-10 21:09:51.598] [exthost] [info] ExtensionService#_doActivateExtension vscode.microsoft-authentication {"startup":false,"extensionId":{"value":"vscode.microsoft-authentication","_lower":"vscode.microsoft-authentication"},"activationEvent":"onAuthenticationRequest:microsoft"}
[2020-10-10 21:09:51.598] [exthost] [info] ExtensionService#loadCommonJSModule file:///snap/code/47/usr/share/code/resources/app/extensions/microsoft-authentication/dist/extension.js
[2020-10-10 21:09:51.828] [exthost] [info] ExtensionService#_doActivateExtension ms-vscode.js-debug {"startup":false,"extensionId":{"value":"ms-vscode.js-debug","_lower":"ms-vscode.js-debug"},"activationEvent":"onDebugDynamicConfigurations"}
[2020-10-10 21:09:51.828] [exthost] [info] ExtensionService#loadCommonJSModule file:///snap/code/47/usr/share/code/resources/app/extensions/ms-vscode.js-debug/src/extension.js
[2020-10-10 21:09:52.616] [exthost] [info] ExtensionService#_doActivateExtension vscode.debug-auto-launch {"startup":true,"extensionId":{"value":"vscode.debug-auto-launch","_lower":"vscode.debug-auto-launch"},"activationEvent":"*"}
[2020-10-10 21:09:52.616] [exthost] [info] ExtensionService#loadCommonJSModule file:///snap/code/47/usr/share/code/resources/app/extensions/debug-auto-launch/dist/extension
[2020-10-10 21:09:52.677] [exthost] [info] ExtensionService#_doActivateExtension vscode.emmet {"startup":true,"extensionId":{"value":"vscode.emmet","_lower":"vscode.emmet"},"activationEvent":"*"}
[2020-10-10 21:09:52.677] [exthost] [info] ExtensionService#loadCommonJSModule file:///snap/code/47/usr/share/code/resources/app/extensions/emmet/dist/node/emmetNodeMain
[2020-10-10 21:09:52.778] [exthost] [info] ExtensionService#_doActivateExtension vscode.git {"startup":true,"extensionId":{"value":"vscode.github","_lower":"vscode.github"},"activationEvent":"*"}
[2020-10-10 21:09:52.778] [exthost] [info] ExtensionService#loadCommonJSModule file:///snap/code/47/usr/share/code/resources/app/extensions/git/dist/main
[2020-10-10 21:09:52.950] [exthost] [info] ExtensionService#_doActivateExtension vscode.merge-conflict {"startup":true,"extensionId":{"value":"vscode.merge-conflict","_lower":"vscode.merge-conflict"},"activationEvent":"*"}
[2020-10-10 21:09:52.950] [exthost] [info] ExtensionService#loadCommonJSModule file:///snap/code/47/usr/share/code/resources/app/extensions/merge-conflict/dist/mergeConflictMain
[2020-10-10 21:09:52.984] [exthost] [info] ExtensionService#_doActivateExtension vscode.search-result {"startup":true,"extensionId":{"value":"vscode.search-result","_lower":"vscode.search-result"},"activationEvent":"*"}
[2020-10-10 21:09:52.984] [exthost] [info] ExtensionService#loadCommonJSModule file:///snap/code/47/usr/share/code/resources/app/extensions/search-result/dist/extension.js
[2020-10-10 21:09:52.991] [exthost] [info] ExtensionService#_doActivateExtension vscode.npm {"startup":true,"extensionId":{"value":"vscode.npm","_lower":"vscode.npm"},"activationEvent":"workspaceContains:package.json"}
[2020-10-10 21:09:52.991] [exthost] [info] ExtensionService#loadCommonJSModule file:///snap/code/47/usr/share/code/resources/app/extensions/npm/dist/npmMain
[2020-10-10 21:09:53.238] [exthost] [info] ExtensionService#_doActivateExtension vscode.github-authentication {"startup":false,"extensionId":{"value":"vscode.github-authentication","_lower":"vscode.github-authentication"},"activationEvent":"onAuthenticationRequest:github"}
[2020-10-10 21:09:53.239] [exthost] [info] ExtensionService#loadCommonJSModule file:///snap/code/47/usr/share/code/resources/app/extensions/github-authentication/dist/extension.js
[2020-10-10 21:09:53.394] [exthost] [info] ExtensionService#_doActivateExtension vscode.github {"startup":true,"extensionId":{"value":"vscode.github","_lower":"vscode.github"},"activationEvent":"*"}
[2020-10-10 21:09:53.394] [exthost] [info] ExtensionService#loadCommonJSModule file:///snap/code/47/usr/share/code/resources/app/extensions/github/dist/extension.js
[2020-10-10 21:09:53.457] [exthost] [info] eager extensions activated
